<?xml version="1.0" encoding="UTF-8"?>
<!-- Generated by org.testng.reporters.JUnitXMLReporter -->
<testsuite ignored="1" hostname="DESKTOP-LMKUKFJ" failures="0" tests="1" name="Default test" time="0.063" errors="0" timestamp="2023-02-28T14:56:56 IST">
  <testcase classname="com.utility.base_class" name="@BeforeTest browser" time="-1.677576416439E9">
    <failure type="org.testng.TestNGException" message="
Parameter &amp;apos;browser_name&amp;apos; is required by BeforeTest on method browser but has not been marked @Optional or defined
in C:\Users\QA\AppData\Local\Temp\testng-eclipse-1220438459\testng-customsuite.xml">
      <![CDATA[org.testng.TestNGException: 
Parameter 'browser_name' is required by BeforeTest on method browser but has not been marked @Optional or defined
in C:\Users\QA\AppData\Local\Temp\testng-eclipse-1220438459\testng-customsuite.xml
at org.testng.internal.Parameters.createParams(Parameters.java:270)
at org.testng.internal.Parameters.createParametersForMethod(Parameters.java:358)
at org.testng.internal.Parameters.createParameters(Parameters.java:700)
at org.testng.internal.Parameters.createConfigurationParameters(Parameters.java:168)
at org.testng.internal.ConfigInvoker.invokeConfigurations(ConfigInvoker.java:302)
at org.testng.TestRunner.invokeTestConfigurations(TestRunner.java:637)
at org.testng.TestRunner.beforeRun(TestRunner.java:627)
at org.testng.TestRunner.run(TestRunner.java:589)
at org.testng.SuiteRunner.runTest(SuiteRunner.java:377)
at org.testng.SuiteRunner.runSequentially(SuiteRunner.java:371)
at org.testng.SuiteRunner.privateRun(SuiteRunner.java:332)
at org.testng.SuiteRunner.run(SuiteRunner.java:276)
at org.testng.SuiteRunnerWorker.runSuite(SuiteRunnerWorker.java:53)
at org.testng.SuiteRunnerWorker.run(SuiteRunnerWorker.java:96)
at org.testng.TestNG.runSuitesSequentially(TestNG.java:1212)
at org.testng.TestNG.runSuitesLocally(TestNG.java:1134)
at org.testng.TestNG.runSuites(TestNG.java:1063)
at org.testng.TestNG.run(TestNG.java:1031)
at org.testng.remote.AbstractRemoteTestNG.run(AbstractRemoteTestNG.java:115)
at org.testng.remote.RemoteTestNG.initAndRun(RemoteTestNG.java:251)
at org.testng.remote.RemoteTestNG.main(RemoteTestNG.java:77)
]]>
    </failure>
  </testcase> <!-- @BeforeTest browser -->
  <testcase classname="com.utility.base_class" name="@AfterTest teardown" time="-1.677576416495E9">
    <skipped/>
  </testcase> <!-- @AfterTest teardown -->
  <testcase classname="sample.TC_0001" name="TC_012_verify_valid_Booking_list_as_per_booking_tabs" time="0.0">
    <skipped/>
  </testcase> <!-- TC_012_verify_valid_Booking_list_as_per_booking_tabs -->
  <testcase classname="sample.TC_0001" name="Login_Account" time="0.0">
    <ignored/>
  </testcase> <!-- Login_Account -->
</testsuite> <!-- Default test -->
