<?xml version="1.0" encoding="UTF-8"?>
<!-- Generated by org.testng.reporters.JUnitXMLReporter -->
<testsuite ignored="1" hostname="Prathmesh" failures="1" tests="7" name="chrome" time="86.175" errors="0" timestamp="2023-02-16T20:22:09 IST">
  <testcase classname="Freedo_domain.web_admin_1" name="TC_001_verify_valid_launch_of_web_application" time="0.053"/>
  <testcase classname="Freedo_domain.web_admin_1" name="TC_002_verify_invalid_launch_of_web_application" time="4.989"/>
  <testcase classname="Freedo_domain.web_admin_1" name="TC_003_verify_invalid_Login_functionality" time="1.809"/>
  <testcase classname="Freedo_domain.web_admin_1" name="TC_005_verify_valid_Login_funcationality" time="1.979"/>
  <testcase classname="Freedo_domain.web_admin_1" name="TC_006_verify_content_Home_page_of_Admin" time="48.667"/>
  <testcase classname="Freedo_domain.web_admin_1" name="TC_007_verify_content_of_Dashboard" time="13.188">
    <failure type="org.openqa.selenium.NoSuchElementException" message="no such element: Unable to locate element: {&amp;quot;method&amp;quot;:&amp;quot;xpath&amp;quot;,&amp;quot;selector&amp;quot;:&amp;quot;//p[text()=&amp;apos;Total Vehicles&amp;apos;]//following-sibling::p&amp;quot;}
  (Session info: chrome=110.0.5481.77)
For documentation on this error, please visit: https://www.seleniumhq.org/exceptions/no_such_element.html
Build info: version: &amp;apos;3.141.59&amp;apos;, revision: &amp;apos;e82be7d358&amp;apos;, time: &amp;apos;2018-11-14T08:17:03&amp;apos;
System info: host: &amp;apos;PRATHMESH&amp;apos;, ip: &amp;apos;192.168.1.6&amp;apos;, os.name: &amp;apos;Windows 10&amp;apos;, os.arch: &amp;apos;amd64&amp;apos;, os.version: &amp;apos;10.0&amp;apos;, java.version: &amp;apos;19.0.1&amp;apos;
Driver info: org.openqa.selenium.chrome.ChromeDriver
Capabilities {acceptInsecureCerts: false, browserName: chrome, browserVersion: 110.0.5481.77, chrome: {chromedriverVersion: 110.0.5481.77 (65ed616c6e8e..., userDataDir: C:\Users\PM\AppData\Local\T...}, goog:chromeOptions: {debuggerAddress: localhost:52599}, javascriptEnabled: true, networkConnectionEnabled: false, pageLoadStrategy: normal, platform: WINDOWS, platformName: WINDOWS, proxy: Proxy(), setWindowRect: true, strictFileInteractability: false, timeouts: {implicit: 0, pageLoad: 300000, script: 30000}, unhandledPromptBehavior: dismiss and notify, webauthn:extension:credBlob: true, webauthn:extension:largeBlob: true, webauthn:virtualAuthenticators: true}
Session ID: 281ee50682581d6ecb5976fc7d258ccf
*** Element info: {Using=xpath, value=//p[text()=&amp;apos;Total Vehicles&amp;apos;]//following-sibling::p}">
      <![CDATA[org.openqa.selenium.NoSuchElementException: no such element: Unable to locate element: {"method":"xpath","selector":"//p[text()='Total Vehicles']//following-sibling::p"}
  (Session info: chrome=110.0.5481.77)
For documentation on this error, please visit: https://www.seleniumhq.org/exceptions/no_such_element.html
Build info: version: '3.141.59', revision: 'e82be7d358', time: '2018-11-14T08:17:03'
System info: host: 'PRATHMESH', ip: '192.168.1.6', os.name: 'Windows 10', os.arch: 'amd64', os.version: '10.0', java.version: '19.0.1'
Driver info: org.openqa.selenium.chrome.ChromeDriver
Capabilities {acceptInsecureCerts: false, browserName: chrome, browserVersion: 110.0.5481.77, chrome: {chromedriverVersion: 110.0.5481.77 (65ed616c6e8e..., userDataDir: C:\Users\PM\AppData\Local\T...}, goog:chromeOptions: {debuggerAddress: localhost:52599}, javascriptEnabled: true, networkConnectionEnabled: false, pageLoadStrategy: normal, platform: WINDOWS, platformName: WINDOWS, proxy: Proxy(), setWindowRect: true, strictFileInteractability: false, timeouts: {implicit: 0, pageLoad: 300000, script: 30000}, unhandledPromptBehavior: dismiss and notify, webauthn:extension:credBlob: true, webauthn:extension:largeBlob: true, webauthn:virtualAuthenticators: true}
Session ID: 281ee50682581d6ecb5976fc7d258ccf
*** Element info: {Using=xpath, value=//p[text()='Total Vehicles']//following-sibling::p}
at org.openqa.selenium.remote.http.W3CHttpResponseCodec.createException(W3CHttpResponseCodec.java:187)
at org.openqa.selenium.remote.http.W3CHttpResponseCodec.decode(W3CHttpResponseCodec.java:122)
at org.openqa.selenium.remote.http.W3CHttpResponseCodec.decode(W3CHttpResponseCodec.java:49)
at org.openqa.selenium.remote.HttpCommandExecutor.execute(HttpCommandExecutor.java:158)
at org.openqa.selenium.remote.service.DriverCommandExecutor.execute(DriverCommandExecutor.java:83)
at org.openqa.selenium.remote.RemoteWebDriver.execute(RemoteWebDriver.java:552)
at org.openqa.selenium.remote.RemoteWebDriver.findElement(RemoteWebDriver.java:323)
at org.openqa.selenium.remote.RemoteWebDriver.findElementByXPath(RemoteWebDriver.java:428)
at org.openqa.selenium.By$ByXPath.findElement(By.java:353)
at org.openqa.selenium.remote.RemoteWebDriver.findElement(RemoteWebDriver.java:315)
at org.openqa.selenium.support.pagefactory.DefaultElementLocator.findElement(DefaultElementLocator.java:69)
at org.openqa.selenium.support.pagefactory.internal.LocatingElementHandler.invoke(LocatingElementHandler.java:38)
at jdk.proxy2/jdk.proxy2.$Proxy31.getText(Unknown Source)
at Freedo_domain.web_admin_1.TC_007_verify_content_of_Dashboard(web_admin_1.java:152)
at java.base/java.util.ArrayList.forEach(ArrayList.java:1511)
... Removed 28 stack frames]]>
    </failure>
  </testcase> <!-- TC_007_verify_content_of_Dashboard -->
  <testcase classname="Freedo_domain.web_admin_1" name="TC_008_verify_valid_Vehicle_statistics_count" time="11.3"/>
  <testcase classname="Freedo_domain.web_admin_1" name="TC_004_verify_max_invalid_Login_attempt" time="0.0">
    <ignored/>
  </testcase> <!-- TC_004_verify_max_invalid_Login_attempt -->
</testsuite> <!-- chrome -->
