<?xml version="1.0" encoding="UTF-8"?>
<!-- Generated by org.testng.reporters.JUnitXMLReporter -->
<testsuite ignored="0" hostname="DESKTOP-ATC838I" failures="0" tests="1" name="Test" time="0.015" errors="0" timestamp="2022-12-06T00:18:07 IST">
  <testcase classname="com.utility.base_class" name="@BeforeMethod browser" time="-1.670266087646E9">
    <failure type="org.testng.TestNGException" message="
Parameter &amp;apos;browser_name&amp;apos; is required by BeforeMethod on method browser but has not been marked @Optional or defined
in C:\Users\P M\Documents\GitHub\My_life\z_ALL_test_case_xml_file\TC_0002.xml">
      <![CDATA[org.testng.TestNGException: 
Parameter 'browser_name' is required by BeforeMethod on method browser but has not been marked @Optional or defined
in C:\Users\P M\Documents\GitHub\My_life\z_ALL_test_case_xml_file\TC_0002.xml
at java.base/java.util.ArrayList.forEach(ArrayList.java:1511)
... Removed 29 stack frames]]>
    </failure>
  </testcase> <!-- @BeforeMethod browser -->
  <testcase classname="com.utility.base_class" name="@AfterMethod teardown" time="-1.670266087656E9">
    <skipped/>
  </testcase> <!-- @AfterMethod teardown -->
  <testcase classname="Freedo_domain.TC_0002" name="TC001" time="0.0">
    <skipped/>
  </testcase> <!-- TC001 -->
</testsuite> <!-- Test -->
